c:\users\raasori\onedrive - oulun ammattikorkeakoulu\1. vuoden kurssit\2. periodi\ohjelmoinnin sovellusprojekti\software\mielipidemittari\mielipidemittari\debug\vc140.pdb
c:\users\raasori\onedrive - oulun ammattikorkeakoulu\1. vuoden kurssit\2. periodi\ohjelmoinnin sovellusprojekti\software\mielipidemittari\mielipidemittari\debug\vc140.idb
c:\users\raasori\onedrive - oulun ammattikorkeakoulu\1. vuoden kurssit\2. periodi\ohjelmoinnin sovellusprojekti\software\mielipidemittari\mielipidemittari\debug\comconnect.obj
c:\users\raasori\onedrive - oulun ammattikorkeakoulu\1. vuoden kurssit\2. periodi\ohjelmoinnin sovellusprojekti\software\mielipidemittari\mielipidemittari\debug\source.obj
c:\users\raasori\onedrive - oulun ammattikorkeakoulu\1. vuoden kurssit\2. periodi\ohjelmoinnin sovellusprojekti\software\mielipidemittari\debug\mielipidemittari.ilk
c:\users\raasori\onedrive - oulun ammattikorkeakoulu\1. vuoden kurssit\2. periodi\ohjelmoinnin sovellusprojekti\software\mielipidemittari\debug\mielipidemittari.exe
c:\users\raasori\onedrive - oulun ammattikorkeakoulu\1. vuoden kurssit\2. periodi\ohjelmoinnin sovellusprojekti\software\mielipidemittari\debug\mielipidemittari.pdb
d:\vc, c, nodejs\c++\software\mielipidemittari\mielipidemittari\debug\comconnect.obj
d:\vc, c, nodejs\c++\software\mielipidemittari\mielipidemittari\debug\source.obj
d:\vc, c, nodejs\c++\software\mielipidemittari\mielipidemittari\debug\vc140.idb
d:\vc, c, nodejs\c++\software\mielipidemittari\mielipidemittari\debug\vc140.pdb
d:\vc, c, nodejs\c++\software\mielipidemittari\debug\mielipidemittari.pdb
d:\vc, c, nodejs\c++\software\mielipidemittari\debug\mielipidemittari.exe
d:\vc, c, nodejs\c++\software\mielipidemittari\debug\mielipidemittari.ilk
d:\vc, c, nodejs\c++\software\mielipidemittari\mielipidemittari\debug\mielipidemittari.tlog\cl.command.1.tlog
d:\vc, c, nodejs\c++\software\mielipidemittari\mielipidemittari\debug\mielipidemittari.tlog\cl.read.1.tlog
d:\vc, c, nodejs\c++\software\mielipidemittari\mielipidemittari\debug\mielipidemittari.tlog\cl.write.1.tlog
d:\vc, c, nodejs\c++\software\mielipidemittari\mielipidemittari\debug\mielipidemittari.tlog\link.command.1.tlog
d:\vc, c, nodejs\c++\software\mielipidemittari\mielipidemittari\debug\mielipidemittari.tlog\link.read.1.tlog
d:\vc, c, nodejs\c++\software\mielipidemittari\mielipidemittari\debug\mielipidemittari.tlog\link.write.1.tlog
